D:\UTILS\GAME_INSTALL\GAME\ROUTPUT\FIGHTFRAMEWORK.LIB
D:\Utils\game_install\Game\Sources\FightFramework\Release\cl.command.1.tlog
D:\Utils\game_install\Game\Sources\FightFramework\Release\CL.read.1.tlog
D:\Utils\game_install\Game\Sources\FightFramework\Release\CL.write.1.tlog
D:\UTILS\GAME_INSTALL\GAME\SOURCES\FIGHTFRAMEWORK\RELEASE\FFANIMATEDOBJECT.OBJ
D:\UTILS\GAME_INSTALL\GAME\SOURCES\FIGHTFRAMEWORK\RELEASE\FFAPPLICATION.OBJ
D:\UTILS\GAME_INSTALL\GAME\SOURCES\FIGHTFRAMEWORK\RELEASE\FFDYNAMICANIMATEDOBJECT.OBJ
D:\UTILS\GAME_INSTALL\GAME\SOURCES\FIGHTFRAMEWORK\RELEASE\FFDYNAMICMOVESTRATEGYFACTORY.OBJ
D:\UTILS\GAME_INSTALL\GAME\SOURCES\FIGHTFRAMEWORK\RELEASE\FFDYNAMICOBJECT.OBJ
D:\UTILS\GAME_INSTALL\GAME\SOURCES\FIGHTFRAMEWORK\RELEASE\FFGAMEMANAGER.OBJ
D:\UTILS\GAME_INSTALL\GAME\SOURCES\FIGHTFRAMEWORK\RELEASE\FFGAMESCENE.OBJ
D:\UTILS\GAME_INSTALL\GAME\SOURCES\FIGHTFRAMEWORK\RELEASE\FFLINEMOVESTRATEGY.OBJ
D:\UTILS\GAME_INSTALL\GAME\SOURCES\FIGHTFRAMEWORK\RELEASE\FFMOVABLEANIMATEDOBJECT.OBJ
D:\UTILS\GAME_INSTALL\GAME\SOURCES\FIGHTFRAMEWORK\RELEASE\FFMOVABLEOBJECT.OBJ
D:\UTILS\GAME_INSTALL\GAME\SOURCES\FIGHTFRAMEWORK\RELEASE\FFOBJECT.OBJ
D:\UTILS\GAME_INSTALL\GAME\SOURCES\FIGHTFRAMEWORK\RELEASE\FFSCENE.OBJ
D:\UTILS\GAME_INSTALL\GAME\SOURCES\FIGHTFRAMEWORK\RELEASE\FFSTATICANIMATEDOBJECT.OBJ
D:\UTILS\GAME_INSTALL\GAME\SOURCES\FIGHTFRAMEWORK\RELEASE\FFSTATICOBJECT.OBJ
D:\Utils\game_install\Game\Sources\FightFramework\Release\FightFramework.write.1.tlog
D:\UTILS\GAME_INSTALL\GAME\SOURCES\FIGHTFRAMEWORK\RELEASE\IDYNAMICMOVESTRATEGY.OBJ
D:\Utils\game_install\Game\Sources\FightFramework\Release\lib.command.1.tlog
D:\Utils\game_install\Game\Sources\FightFramework\Release\Lib-link.read.1.tlog
D:\Utils\game_install\Game\Sources\FightFramework\Release\Lib-link.write.1.tlog
D:\UTILS\GAME_INSTALL\GAME\SOURCES\FIGHTFRAMEWORK\RELEASE\VC100.PDB
