D:\UTILS\GAME_INSTALL\GAME\OUTPUT\FIGHTFRAMEWORK.LIB
D:\Utils\game_install\Game\Sources\FightFramework\Debug\cl.command.1.tlog
D:\Utils\game_install\Game\Sources\FightFramework\Debug\CL.read.1.tlog
D:\Utils\game_install\Game\Sources\FightFramework\Debug\CL.write.1.tlog
D:\UTILS\GAME_INSTALL\GAME\SOURCES\FIGHTFRAMEWORK\DEBUG\FFANIMATEDOBJECT.OBJ
D:\UTILS\GAME_INSTALL\GAME\SOURCES\FIGHTFRAMEWORK\DEBUG\FFDYNAMICANIMATEDOBJECT.OBJ
D:\UTILS\GAME_INSTALL\GAME\SOURCES\FIGHTFRAMEWORK\DEBUG\FFDYNAMICMOVESTRATEGYFACTORY.OBJ
D:\UTILS\GAME_INSTALL\GAME\SOURCES\FIGHTFRAMEWORK\DEBUG\FFDYNAMICOBJECT.OBJ
D:\UTILS\GAME_INSTALL\GAME\SOURCES\FIGHTFRAMEWORK\DEBUG\FFGAMEMANAGER.OBJ
D:\UTILS\GAME_INSTALL\GAME\SOURCES\FIGHTFRAMEWORK\DEBUG\FFGAMESCENE.OBJ
D:\UTILS\GAME_INSTALL\GAME\SOURCES\FIGHTFRAMEWORK\DEBUG\FFINPUTMANAGER.OBJ
D:\UTILS\GAME_INSTALL\GAME\SOURCES\FIGHTFRAMEWORK\DEBUG\FFLINEMOVESTRATEGY.OBJ
D:\UTILS\GAME_INSTALL\GAME\SOURCES\FIGHTFRAMEWORK\DEBUG\FFMOVABLEANIMATEDOBJECT.OBJ
D:\UTILS\GAME_INSTALL\GAME\SOURCES\FIGHTFRAMEWORK\DEBUG\FFMOVABLEOBJECT.OBJ
D:\UTILS\GAME_INSTALL\GAME\SOURCES\FIGHTFRAMEWORK\DEBUG\FFOBJECT.OBJ
D:\UTILS\GAME_INSTALL\GAME\SOURCES\FIGHTFRAMEWORK\DEBUG\FFSCENE.OBJ
D:\UTILS\GAME_INSTALL\GAME\SOURCES\FIGHTFRAMEWORK\DEBUG\FFSTATICANIMATEDOBJECT.OBJ
D:\UTILS\GAME_INSTALL\GAME\SOURCES\FIGHTFRAMEWORK\DEBUG\FFSTATICOBJECT.OBJ
D:\Utils\game_install\Game\Sources\FightFramework\Debug\FightFramework.write.1.tlog
D:\UTILS\GAME_INSTALL\GAME\SOURCES\FIGHTFRAMEWORK\DEBUG\IDYNAMICMOVESTRATEGY.OBJ
D:\Utils\game_install\Game\Sources\FightFramework\Debug\lib.command.1.tlog
D:\Utils\game_install\Game\Sources\FightFramework\Debug\Lib-link.read.1.tlog
D:\Utils\game_install\Game\Sources\FightFramework\Debug\Lib-link.write.1.tlog
D:\Utils\game_install\Game\Sources\FightFramework\Debug\vc100.idb
D:\UTILS\GAME_INSTALL\GAME\SOURCES\FIGHTFRAMEWORK\DEBUG\VC100.PDB
