D:\Utils\game_install\Game\Sources\tinyxml\Debug\BscMake.command.1.tlog
D:\Utils\game_install\Game\Sources\tinyxml\Debug\bscmake.read.1.tlog
D:\Utils\game_install\Game\Sources\tinyxml\Debug\bscmake.write.1.tlog
D:\Utils\game_install\Game\Sources\tinyxml\Debug\cl.command.1.tlog
D:\Utils\game_install\Game\Sources\tinyxml\Debug\CL.read.1.tlog
D:\Utils\game_install\Game\Sources\tinyxml\Debug\CL.write.1.tlog
D:\Utils\game_install\Game\Sources\tinyxml\Debug\lib.command.1.tlog
D:\Utils\game_install\Game\Sources\tinyxml\Debug\Lib-link.read.1.tlog
D:\Utils\game_install\Game\Sources\tinyxml\Debug\Lib-link.write.1.tlog
D:\UTILS\GAME_INSTALL\GAME\SOURCES\TINYXML\DEBUG\TINYSTR.OBJ
D:\UTILS\GAME_INSTALL\GAME\SOURCES\TINYXML\DEBUG\TINYSTR.SBR
D:\UTILS\GAME_INSTALL\GAME\SOURCES\TINYXML\DEBUG\TINYXML.OBJ
D:\UTILS\GAME_INSTALL\GAME\SOURCES\TINYXML\DEBUG\TINYXML.SBR
D:\UTILS\GAME_INSTALL\GAME\SOURCES\TINYXML\DEBUG\TINYXMLERROR.OBJ
D:\UTILS\GAME_INSTALL\GAME\SOURCES\TINYXML\DEBUG\TINYXMLERROR.SBR
D:\UTILS\GAME_INSTALL\GAME\SOURCES\TINYXML\DEBUG\TINYXMLPARSER.OBJ
D:\UTILS\GAME_INSTALL\GAME\SOURCES\TINYXML\DEBUG\TINYXMLPARSER.SBR
D:\Utils\game_install\Game\Sources\tinyxml\Debug\vc100.idb
D:\UTILS\GAME_INSTALL\GAME\SOURCES\TINYXML\DEBUG\VC100.PDB
D:\UTILS\GAME_INSTALL\GAME\TOOLKITS\TINYXML\LIB\DEBUG\TINYXML.BSC
D:\UTILS\GAME_INSTALL\GAME\TOOLKITS\TINYXML\LIB\DEBUG\TINYXML.LIB
